[ 2016-10-19T17:35:44+08:00 ]EXCEPTION: Method web\home\controller\Order::__empty() does not exist
[ 2016-10-19T17:37:56+08:00 ]EXCEPTION: INSERT INTO dream_order (`ordernum`,`addid`,`price`,`options`,`ordertime`,`remark`,`orderstatus`,`gid`,`uid`) VALUES(?,?,?,?,?,?,?,?,?) ;BindParams:array (
  1 => '201610191019698765779737',
  2 => NULL,
  3 => '599',
  4 => '全网通公开版,白色,16GB',
  5 => 1476869876,
  6 => '快快发货',
  7 => '1',
  8 => '2',
  9 => '1',
)23000;1048;Column 'addid' cannot be null
[ 2016-10-19T17:38:57+08:00 ]EXCEPTION: Method web\home\controller\Order::__empty() does not exist
[ 2016-10-19T17:41:43+08:00 ]EXCEPTION: Method web\home\controller\Order::__empty() does not exist
[ 2016-10-19T17:42:32+08:00 ]EXCEPTION: Method web\home\controller\Order::__empty() does not exist
[ 2016-10-19T17:44:36+08:00 ]EXCEPTION: Method web\home\controller\Order::__empty() does not exist
[ 2016-10-19T19:31:59+08:00 ]EXCEPTION: web\home\controller\Mycenter 不存在
[ 2016-10-19T19:55:36+08:00 ]EXCEPTION: SELECT * FROM dream_order  WHERE oid = ?     ;BindParams:array (
  1 => '2',
)42S22;1054;Unknown column 'oid' in 'where clause'
[ 2016-10-19T19:55:53+08:00 ]EXCEPTION: SELECT * FROM dream_order  WHERE oid = ?     ;BindParams:array (
  1 => '3',
)42S22;1054;Unknown column 'oid' in 'where clause'
[ 2016-10-19T19:56:16+08:00 ]EXCEPTION: SELECT * FROM dream_order  WHERE oid = ?     ;BindParams:array (
  1 => '3',
)42S22;1054;Unknown column 'oid' in 'where clause'
[ 2016-10-19T19:56:16+08:00 ]EXCEPTION: SELECT * FROM dream_order  WHERE oid = ?     ;BindParams:array (
  1 => '3',
)42S22;1054;Unknown column 'oid' in 'where clause'
[ 2016-10-19T19:56:17+08:00 ]EXCEPTION: SELECT * FROM dream_order  WHERE oid = ?     ;BindParams:array (
  1 => '3',
)42S22;1054;Unknown column 'oid' in 'where clause'
[ 2016-10-19T19:56:17+08:00 ]EXCEPTION: SELECT * FROM dream_order  WHERE oid = ?     ;BindParams:array (
  1 => '3',
)42S22;1054;Unknown column 'oid' in 'where clause'
[ 2016-10-19T19:56:17+08:00 ]EXCEPTION: SELECT * FROM dream_order  WHERE oid = ?     ;BindParams:array (
  1 => '3',
)42S22;1054;Unknown column 'oid' in 'where clause'
[ 2016-10-19T19:56:18+08:00 ]EXCEPTION: SELECT * FROM dream_order  WHERE oid = ?     ;BindParams:array (
  1 => '3',
)42S22;1054;Unknown column 'oid' in 'where clause'
[ 2016-10-19T19:56:24+08:00 ]EXCEPTION: SELECT * FROM dream_order  WHERE oid = ?     ;BindParams:array (
  1 => '4',
)42S22;1054;Unknown column 'oid' in 'where clause'
[ 2016-10-19T19:57:10+08:00 ]EXCEPTION: SELECT * FROM dream_order  WHERE oid = ?     ;BindParams:array (
  1 => '4',
)42S22;1054;Unknown column 'oid' in 'where clause'
