[ 2016-11-01T15:09:45+08:00 ]EXCEPTION: INSERT INTO dream_order (`ordernum`,`addid`,`price`,`options`,`ordertime`,`totalprice`,`remark`,`orderstatus`,`gid`,`uid`,`gname`,`glid`,`quantity`) VALUES(?,?,?,?,?,?,?,?,?,?,?,?,?) ;BindParams:array (
  1 => '201611011101841854783126',
  2 => '1',
  3 => '399',
  4 => '红黑,1m',
  5 => '1477984185',
  6 => '399',
  7 => '',
  8 => '1',
  9 => '12',
  10 => '1',
  11 => '魅族HD50 头戴式耳机',
  12 => NULL,
  13 => '1',
)23000;1048;Column 'glid' cannot be null
[ 2016-11-01T15:09:46+08:00 ]EXCEPTION: INSERT INTO dream_order (`ordernum`,`addid`,`price`,`options`,`ordertime`,`totalprice`,`remark`,`orderstatus`,`gid`,`uid`,`gname`,`glid`,`quantity`) VALUES(?,?,?,?,?,?,?,?,?,?,?,?,?) ;BindParams:array (
  1 => '201611011101841869929980',
  2 => '1',
  3 => '399',
  4 => '红黑,1m',
  5 => '1477984186',
  6 => '399',
  7 => '',
  8 => '1',
  9 => '12',
  10 => '1',
  11 => '魅族HD50 头戴式耳机',
  12 => NULL,
  13 => '1',
)23000;1048;Column 'glid' cannot be null
[ 2016-11-01T15:09:47+08:00 ]EXCEPTION: INSERT INTO dream_order (`ordernum`,`addid`,`price`,`options`,`ordertime`,`totalprice`,`remark`,`orderstatus`,`gid`,`uid`,`gname`,`glid`,`quantity`) VALUES(?,?,?,?,?,?,?,?,?,?,?,?,?) ;BindParams:array (
  1 => '201611011101841874014174',
  2 => '1',
  3 => '399',
  4 => '红黑,1m',
  5 => '1477984187',
  6 => '399',
  7 => '',
  8 => '1',
  9 => '12',
  10 => '1',
  11 => '魅族HD50 头戴式耳机',
  12 => NULL,
  13 => '1',
)23000;1048;Column 'glid' cannot be null
[ 2016-11-01T15:09:47+08:00 ]EXCEPTION: INSERT INTO dream_order (`ordernum`,`addid`,`price`,`options`,`ordertime`,`totalprice`,`remark`,`orderstatus`,`gid`,`uid`,`gname`,`glid`,`quantity`) VALUES(?,?,?,?,?,?,?,?,?,?,?,?,?) ;BindParams:array (
  1 => '201611011101841876136265',
  2 => '1',
  3 => '399',
  4 => '红黑,1m',
  5 => '1477984187',
  6 => '399',
  7 => '',
  8 => '1',
  9 => '12',
  10 => '1',
  11 => '魅族HD50 头戴式耳机',
  12 => NULL,
  13 => '1',
)23000;1048;Column 'glid' cannot be null
[ 2016-11-01T15:09:47+08:00 ]EXCEPTION: INSERT INTO dream_order (`ordernum`,`addid`,`price`,`options`,`ordertime`,`totalprice`,`remark`,`orderstatus`,`gid`,`uid`,`gname`,`glid`,`quantity`) VALUES(?,?,?,?,?,?,?,?,?,?,?,?,?) ;BindParams:array (
  1 => '201611011101841878076388',
  2 => '1',
  3 => '399',
  4 => '红黑,1m',
  5 => '1477984187',
  6 => '399',
  7 => '',
  8 => '1',
  9 => '12',
  10 => '1',
  11 => '魅族HD50 头戴式耳机',
  12 => NULL,
  13 => '1',
)23000;1048;Column 'glid' cannot be null
[ 2016-11-01T15:09:48+08:00 ]EXCEPTION: INSERT INTO dream_order (`ordernum`,`addid`,`price`,`options`,`ordertime`,`totalprice`,`remark`,`orderstatus`,`gid`,`uid`,`gname`,`glid`,`quantity`) VALUES(?,?,?,?,?,?,?,?,?,?,?,?,?) ;BindParams:array (
  1 => '201611011101841880020412',
  2 => '1',
  3 => '399',
  4 => '红黑,1m',
  5 => '1477984188',
  6 => '399',
  7 => '',
  8 => '1',
  9 => '12',
  10 => '1',
  11 => '魅族HD50 头戴式耳机',
  12 => NULL,
  13 => '1',
)23000;1048;Column 'glid' cannot be null
[ 2016-11-01T15:09:48+08:00 ]EXCEPTION: INSERT INTO dream_order (`ordernum`,`addid`,`price`,`options`,`ordertime`,`totalprice`,`remark`,`orderstatus`,`gid`,`uid`,`gname`,`glid`,`quantity`) VALUES(?,?,?,?,?,?,?,?,?,?,?,?,?) ;BindParams:array (
  1 => '201611011101841881896578',
  2 => '1',
  3 => '399',
  4 => '红黑,1m',
  5 => '1477984188',
  6 => '399',
  7 => '',
  8 => '1',
  9 => '12',
  10 => '1',
  11 => '魅族HD50 头戴式耳机',
  12 => NULL,
  13 => '1',
)23000;1048;Column 'glid' cannot be null
[ 2016-11-01T15:09:48+08:00 ]EXCEPTION: INSERT INTO dream_order (`ordernum`,`addid`,`price`,`options`,`ordertime`,`totalprice`,`remark`,`orderstatus`,`gid`,`uid`,`gname`,`glid`,`quantity`) VALUES(?,?,?,?,?,?,?,?,?,?,?,?,?) ;BindParams:array (
  1 => '201611011101841884000650',
  2 => '1',
  3 => '399',
  4 => '红黑,1m',
  5 => '1477984188',
  6 => '399',
  7 => '',
  8 => '1',
  9 => '12',
  10 => '1',
  11 => '魅族HD50 头戴式耳机',
  12 => NULL,
  13 => '1',
)23000;1048;Column 'glid' cannot be null
[ 2016-11-01T15:09:48+08:00 ]EXCEPTION: INSERT INTO dream_order (`ordernum`,`addid`,`price`,`options`,`ordertime`,`totalprice`,`remark`,`orderstatus`,`gid`,`uid`,`gname`,`glid`,`quantity`) VALUES(?,?,?,?,?,?,?,?,?,?,?,?,?) ;BindParams:array (
  1 => '201611011101841886104741',
  2 => '1',
  3 => '399',
  4 => '红黑,1m',
  5 => '1477984188',
  6 => '399',
  7 => '',
  8 => '1',
  9 => '12',
  10 => '1',
  11 => '魅族HD50 头戴式耳机',
  12 => NULL,
  13 => '1',
)23000;1048;Column 'glid' cannot be null
[ 2016-11-01T15:18:12+08:00 ]EXCEPTION: INSERT INTO dream_order (`ordernum`,`addid`,`price`,`options`,`ordertime`,`totalprice`,`remark`,`orderstatus`,`gid`,`uid`,`gname`,`glid`,`quantity`) VALUES(?,?,?,?,?,?,?,?,?,?,?,?,?) ;BindParams:array (
  1 => '201611011101846922516763',
  2 => '2',
  3 => '199',
  4 => '黑色',
  5 => '1477984692',
  6 => '199',
  7 => '',
  8 => '1',
  9 => '14',
  10 => '1',
  11 => '乐心体脂秤Melody wifi传输',
  12 => NULL,
  13 => '1',
)23000;1048;Column 'glid' cannot be null
[ 2016-11-01T15:18:12+08:00 ]EXCEPTION: INSERT INTO dream_order (`ordernum`,`addid`,`price`,`options`,`ordertime`,`totalprice`,`remark`,`orderstatus`,`gid`,`uid`,`gname`,`glid`,`quantity`) VALUES(?,?,?,?,?,?,?,?,?,?,?,?,?) ;BindParams:array (
  1 => '201611011101846929149183',
  2 => '2',
  3 => '199',
  4 => '黑色',
  5 => '1477984692',
  6 => '199',
  7 => '',
  8 => '1',
  9 => '14',
  10 => '1',
  11 => '乐心体脂秤Melody wifi传输',
  12 => NULL,
  13 => '1',
)23000;1048;Column 'glid' cannot be null
[ 2016-11-01T15:18:13+08:00 ]EXCEPTION: INSERT INTO dream_order (`ordernum`,`addid`,`price`,`options`,`ordertime`,`totalprice`,`remark`,`orderstatus`,`gid`,`uid`,`gname`,`glid`,`quantity`) VALUES(?,?,?,?,?,?,?,?,?,?,?,?,?) ;BindParams:array (
  1 => '201611011101846930963113',
  2 => '2',
  3 => '199',
  4 => '黑色',
  5 => '1477984693',
  6 => '199',
  7 => '',
  8 => '1',
  9 => '14',
  10 => '1',
  11 => '乐心体脂秤Melody wifi传输',
  12 => NULL,
  13 => '1',
)23000;1048;Column 'glid' cannot be null
[ 2016-11-01T15:18:13+08:00 ]EXCEPTION: INSERT INTO dream_order (`ordernum`,`addid`,`price`,`options`,`ordertime`,`totalprice`,`remark`,`orderstatus`,`gid`,`uid`,`gname`,`glid`,`quantity`) VALUES(?,?,?,?,?,?,?,?,?,?,?,?,?) ;BindParams:array (
  1 => '201611011101846932819289',
  2 => '2',
  3 => '199',
  4 => '黑色',
  5 => '1477984693',
  6 => '199',
  7 => '',
  8 => '1',
  9 => '14',
  10 => '1',
  11 => '乐心体脂秤Melody wifi传输',
  12 => NULL,
  13 => '1',
)23000;1048;Column 'glid' cannot be null
[ 2016-11-01T15:18:13+08:00 ]EXCEPTION: INSERT INTO dream_order (`ordernum`,`addid`,`price`,`options`,`ordertime`,`totalprice`,`remark`,`orderstatus`,`gid`,`uid`,`gname`,`glid`,`quantity`) VALUES(?,?,?,?,?,?,?,?,?,?,?,?,?) ;BindParams:array (
  1 => '201611011101846934379303',
  2 => '2',
  3 => '199',
  4 => '黑色',
  5 => '1477984693',
  6 => '199',
  7 => '',
  8 => '1',
  9 => '14',
  10 => '1',
  11 => '乐心体脂秤Melody wifi传输',
  12 => NULL,
  13 => '1',
)23000;1048;Column 'glid' cannot be null
[ 2016-11-01T15:18:13+08:00 ]EXCEPTION: INSERT INTO dream_order (`ordernum`,`addid`,`price`,`options`,`ordertime`,`totalprice`,`remark`,`orderstatus`,`gid`,`uid`,`gname`,`glid`,`quantity`) VALUES(?,?,?,?,?,?,?,?,?,?,?,?,?) ;BindParams:array (
  1 => '201611011101846936101446',
  2 => '2',
  3 => '199',
  4 => '黑色',
  5 => '1477984693',
  6 => '199',
  7 => '',
  8 => '1',
  9 => '14',
  10 => '1',
  11 => '乐心体脂秤Melody wifi传输',
  12 => NULL,
  13 => '1',
)23000;1048;Column 'glid' cannot be null
[ 2016-11-01T15:18:13+08:00 ]EXCEPTION: INSERT INTO dream_order (`ordernum`,`addid`,`price`,`options`,`ordertime`,`totalprice`,`remark`,`orderstatus`,`gid`,`uid`,`gname`,`glid`,`quantity`) VALUES(?,?,?,?,?,?,?,?,?,?,?,?,?) ;BindParams:array (
  1 => '201611011101846937667561',
  2 => '2',
  3 => '199',
  4 => '黑色',
  5 => '1477984693',
  6 => '199',
  7 => '',
  8 => '1',
  9 => '14',
  10 => '1',
  11 => '乐心体脂秤Melody wifi传输',
  12 => NULL,
  13 => '1',
)23000;1048;Column 'glid' cannot be null
[ 2016-11-01T15:18:13+08:00 ]EXCEPTION: INSERT INTO dream_order (`ordernum`,`addid`,`price`,`options`,`ordertime`,`totalprice`,`remark`,`orderstatus`,`gid`,`uid`,`gname`,`glid`,`quantity`) VALUES(?,?,?,?,?,?,?,?,?,?,?,?,?) ;BindParams:array (
  1 => '201611011101846939823516',
  2 => '2',
  3 => '199',
  4 => '黑色',
  5 => '1477984693',
  6 => '199',
  7 => '',
  8 => '1',
  9 => '14',
  10 => '1',
  11 => '乐心体脂秤Melody wifi传输',
  12 => NULL,
  13 => '1',
)23000;1048;Column 'glid' cannot be null
