[ 2016-09-13T08:33:58+08:00 ]Error: file_get_contents(config.json): failed to open stream: No such file or directoryD:\software\wamp\www\hdphp\web\system\controller\Component.php (72).
[ 2016-09-13T08:34:00+08:00 ]Error: file_get_contents(config.json): failed to open stream: No such file or directoryD:\software\wamp\www\hdphp\web\system\controller\Component.php (72).
[ 2016-09-13T08:34:22+08:00 ]Error: file_get_contents(config.json): failed to open stream: No such file or directoryD:\software\wamp\www\hdphp\web\system\controller\Component.php (72).
[ 2016-09-13T08:34:23+08:00 ]Error: file_get_contents(config.json): failed to open stream: No such file or directoryD:\software\wamp\www\hdphp\web\system\controller\Component.php (72).
[ 2016-09-13T08:34:24+08:00 ]Error: file_get_contents(config.json): failed to open stream: No such file or directoryD:\software\wamp\www\hdphp\web\system\controller\Component.php (72).
[ 2016-09-13T08:34:25+08:00 ]Error: file_get_contents(config.json): failed to open stream: No such file or directoryD:\software\wamp\www\hdphp\web\system\controller\Component.php (72).
[ 2016-09-13T08:34:33+08:00 ]Error: file_get_contents(config.json): failed to open stream: No such file or directoryD:\software\wamp\www\hdphp\web\system\controller\Component.php (72).
[ 2016-09-13T08:34:35+08:00 ]Error: file_get_contents(config.json): failed to open stream: No such file or directoryD:\software\wamp\www\hdphp\web\system\controller\Component.php (72).
[ 2016-09-13T08:34:40+08:00 ]Error: file_get_contents(config.json): failed to open stream: No such file or directoryD:\software\wamp\www\hdphp\web\system\controller\Component.php (72).
[ 2016-09-13T08:34:42+08:00 ]Error: file_get_contents(config.json): failed to open stream: No such file or directoryD:\software\wamp\www\hdphp\web\system\controller\Component.php (72).
[ 2016-09-13T08:34:46+08:00 ]Error: file_get_contents(config.json): failed to open stream: No such file or directoryD:\software\wamp\www\hdphp\web\system\controller\Component.php (72).
[ 2016-09-13T08:34:47+08:00 ]Error: file_get_contents(config.json): failed to open stream: No such file or directoryD:\software\wamp\www\hdphp\web\system\controller\Component.php (72).
[ 2016-09-13T08:35:19+08:00 ]Error: file_get_contents(config.json): failed to open stream: No such file or directoryD:\software\wamp\www\hdphp\web\system\controller\Component.php (72).
[ 2016-09-13T08:35:21+08:00 ]Error: file_get_contents(config.json): failed to open stream: No such file or directoryD:\software\wamp\www\hdphp\web\system\controller\Component.php (72).
[ 2016-09-13T08:35:21+08:00 ]Error: file_get_contents(config.json): failed to open stream: No such file or directoryD:\software\wamp\www\hdphp\web\system\controller\Component.php (72).
[ 2016-09-13T08:35:22+08:00 ]Error: file_get_contents(config.json): failed to open stream: No such file or directoryD:\software\wamp\www\hdphp\web\system\controller\Component.php (72).
[ 2016-09-13T08:35:23+08:00 ]Error: file_get_contents(config.json): failed to open stream: No such file or directoryD:\software\wamp\www\hdphp\web\system\controller\Component.php (72).
[ 2016-09-13T08:35:23+08:00 ]Error: file_get_contents(config.json): failed to open stream: No such file or directoryD:\software\wamp\www\hdphp\web\system\controller\Component.php (72).
[ 2016-09-13T08:35:24+08:00 ]Error: file_get_contents(config.json): failed to open stream: No such file or directoryD:\software\wamp\www\hdphp\web\system\controller\Component.php (72).
[ 2016-09-13T08:37:23+08:00 ]Error: file_get_contents(config.json): failed to open stream: No such file or directoryD:\software\wamp\www\hdphp\web\system\controller\Component.php (72).
[ 2016-09-13T08:37:24+08:00 ]Error: file_get_contents(config.json): failed to open stream: No such file or directoryD:\software\wamp\www\hdphp\web\system\controller\Component.php (72).
[ 2016-09-13T08:37:25+08:00 ]Error: file_get_contents(config.json): failed to open stream: No such file or directoryD:\software\wamp\www\hdphp\web\system\controller\Component.php (72).
[ 2016-09-13T08:37:26+08:00 ]Error: file_get_contents(config.json): failed to open stream: No such file or directoryD:\software\wamp\www\hdphp\web\system\controller\Component.php (72).
[ 2016-09-13T08:38:47+08:00 ]Error: file_get_contents(config.json): failed to open stream: No such file or directoryD:\software\wamp\www\hdphp\web\system\controller\Component.php (72).
[ 2016-09-13T08:38:48+08:00 ]Error: file_get_contents(config.json): failed to open stream: No such file or directoryD:\software\wamp\www\hdphp\web\system\controller\Component.php (72).
[ 2016-09-13T08:38:50+08:00 ]Error: file_get_contents(config.json): failed to open stream: No such file or directoryD:\software\wamp\www\hdphp\web\system\controller\Component.php (72).
[ 2016-09-13T08:38:51+08:00 ]Error: file_get_contents(config.json): failed to open stream: No such file or directoryD:\software\wamp\www\hdphp\web\system\controller\Component.php (72).
[ 2016-09-13T08:38:52+08:00 ]Error: file_get_contents(config.json): failed to open stream: No such file or directoryD:\software\wamp\www\hdphp\web\system\controller\Component.php (72).
[ 2016-09-13T08:38:54+08:00 ]Error: file_get_contents(config.json): failed to open stream: No such file or directoryD:\software\wamp\www\hdphp\web\system\controller\Component.php (72).
[ 2016-09-13T08:38:55+08:00 ]Error: file_get_contents(config.json): failed to open stream: No such file or directoryD:\software\wamp\www\hdphp\web\system\controller\Component.php (72).
[ 2016-09-13T08:38:57+08:00 ]Error: file_get_contents(config.json): failed to open stream: No such file or directoryD:\software\wamp\www\hdphp\web\system\controller\Component.php (72).
[ 2016-09-13T08:39:55+08:00 ]Error: file_get_contents(config.json): failed to open stream: No such file or directoryD:\software\wamp\www\hdphp\web\system\controller\Component.php (72).
[ 2016-09-13T08:39:57+08:00 ]Error: file_get_contents(config.json): failed to open stream: No such file or directoryD:\software\wamp\www\hdphp\web\system\controller\Component.php (72).
[ 2016-09-13T08:41:06+08:00 ]Error: file_get_contents(config.json): failed to open stream: No such file or directoryD:\software\wamp\www\hdphp\web\system\controller\Component.php (72).
[ 2016-09-13T08:41:08+08:00 ]Error: file_get_contents(config.json): failed to open stream: No such file or directoryD:\software\wamp\www\hdphp\web\system\controller\Component.php (72).
[ 2016-09-13T08:41:16+08:00 ]Error: file_get_contents(config.json): failed to open stream: No such file or directoryD:\software\wamp\www\hdphp\web\system\controller\Component.php (72).
[ 2016-09-13T08:41:19+08:00 ]Error: file_get_contents(config.json): failed to open stream: No such file or directoryD:\software\wamp\www\hdphp\web\system\controller\Component.php (72).
[ 2016-09-13T08:46:18+08:00 ]Error: file_get_contents(config.json): failed to open stream: No such file or directoryD:\software\wamp\www\hdphp\web\system\controller\Component.php (72).
[ 2016-09-13T08:49:01+08:00 ]Error: file_get_contents(config.json): failed to open stream: No such file or directoryD:\software\wamp\www\hdphp\web\system\controller\Component.php (72).
[ 2016-09-13T16:26:37+08:00 ]Error: file_get_contents(config.json): failed to open stream: No such file or directoryD:\software\wamp\www\hdphp\web\system\controller\Component.php (72).
[ 2016-09-13T16:28:45+08:00 ]Error: file_get_contents(config.json): failed to open stream: No such file or directoryD:\software\wamp\www\hdphp\web\system\controller\Component.php (72).
[ 2016-09-13T16:36:00+08:00 ]Error: file_get_contents(config.json): failed to open stream: No such file or directoryD:\software\wamp\www\hdphp\web\system\controller\Component.php (72).
[ 2016-09-13T16:42:10+08:00 ]Error: file_get_contents(config.json): failed to open stream: No such file or directoryD:\software\wamp\www\hdphp\web\system\controller\Component.php (72).
[ 2016-09-13T16:44:44+08:00 ]Error: file_get_contents(config.json): failed to open stream: No such file or directoryD:\software\wamp\www\hdphp\web\system\controller\Component.php (72).
[ 2016-09-13T16:46:49+08:00 ]Error: file_get_contents(config.json): failed to open stream: No such file or directoryD:\software\wamp\www\hdphp\web\system\controller\Component.php (72).
[ 2016-09-13T19:27:10+08:00 ]EXCEPTION: web\home\controller\Listpage 不存在
[ 2016-09-13T19:27:12+08:00 ]Error: Non-static method hdphp\page\Page::row() should not be called statically, assuming $this from incompatible contextD:\software\wamp\www\hdphp\web\home\controller\Entry.php (20).
[ 2016-09-13T20:29:39+08:00 ]Error: Non-static method hdphp\view\View::with() should not be called statically, assuming $this from incompatible contextD:\software\wamp\www\hdphp\web\home\controller\Common.php (11).
[ 2016-09-13T20:29:40+08:00 ]Error: Non-static method hdphp\view\View::with() should not be called statically, assuming $this from incompatible contextD:\software\wamp\www\hdphp\web\home\controller\Common.php (15).
[ 2016-09-13T20:29:40+08:00 ]Error: Non-static method hdphp\view\View::with() should not be called statically, assuming $this from incompatible contextD:\software\wamp\www\hdphp\web\home\controller\Common.php (11).
[ 2016-09-13T20:29:40+08:00 ]Error: Non-static method hdphp\view\View::with() should not be called statically, assuming $this from incompatible contextD:\software\wamp\www\hdphp\web\home\controller\Common.php (15).
[ 2016-09-13T20:29:50+08:00 ]Error: Non-static method hdphp\view\View::with() should not be called statically, assuming $this from incompatible contextD:\software\wamp\www\hdphp\web\home\controller\Common.php (11).
[ 2016-09-13T20:29:50+08:00 ]Error: Non-static method hdphp\view\View::with() should not be called statically, assuming $this from incompatible contextD:\software\wamp\www\hdphp\web\home\controller\Common.php (15).
[ 2016-09-13T20:29:51+08:00 ]Error: Non-static method hdphp\view\View::with() should not be called statically, assuming $this from incompatible contextD:\software\wamp\www\hdphp\web\home\controller\Common.php (11).
[ 2016-09-13T20:29:51+08:00 ]Error: Non-static method hdphp\view\View::with() should not be called statically, assuming $this from incompatible contextD:\software\wamp\www\hdphp\web\home\controller\Common.php (15).
[ 2016-09-13T20:29:51+08:00 ]Error: Non-static method hdphp\view\View::with() should not be called statically, assuming $this from incompatible contextD:\software\wamp\www\hdphp\web\home\controller\Common.php (11).
[ 2016-09-13T20:29:51+08:00 ]Error: Non-static method hdphp\view\View::with() should not be called statically, assuming $this from incompatible contextD:\software\wamp\www\hdphp\web\home\controller\Common.php (15).
[ 2016-09-13T20:30:11+08:00 ]Error: Non-static method hdphp\view\View::with() should not be called statically, assuming $this from incompatible contextD:\software\wamp\www\hdphp\web\home\controller\Common.php (11).
[ 2016-09-13T20:30:11+08:00 ]Error: Non-static method hdphp\view\View::with() should not be called statically, assuming $this from incompatible contextD:\software\wamp\www\hdphp\web\home\controller\Common.php (15).
[ 2016-09-13T20:30:12+08:00 ]Error: Non-static method hdphp\view\View::with() should not be called statically, assuming $this from incompatible contextD:\software\wamp\www\hdphp\web\home\controller\Common.php (11).
[ 2016-09-13T20:30:12+08:00 ]Error: Non-static method hdphp\view\View::with() should not be called statically, assuming $this from incompatible contextD:\software\wamp\www\hdphp\web\home\controller\Common.php (15).
[ 2016-09-13T20:30:12+08:00 ]Error: Non-static method hdphp\view\View::with() should not be called statically, assuming $this from incompatible contextD:\software\wamp\www\hdphp\web\home\controller\Common.php (11).
[ 2016-09-13T20:30:12+08:00 ]Error: Non-static method hdphp\view\View::with() should not be called statically, assuming $this from incompatible contextD:\software\wamp\www\hdphp\web\home\controller\Common.php (15).
[ 2016-09-13T20:52:04+08:00 ]EXCEPTION: web\home\controller\Listpage 不存在
[ 2016-09-13T21:26:26+08:00 ]EXCEPTION: SELECT * FROM tag     ORDER BY tid  rand LIMIT 3  ;BindParams:array (
)42000;1064;You have an error in your SQL syntax; check the manual that corresponds to your MySQL server version for the right syntax to use near 'rand LIMIT 3' at line 1
[ 2016-09-13T21:26:51+08:00 ]EXCEPTION: SELECT * FROM tag     ORDER BY tid  rand() LIMIT 3  ;BindParams:array (
)42000;1064;You have an error in your SQL syntax; check the manual that corresponds to your MySQL server version for the right syntax to use near 'rand() LIMIT 3' at line 1
[ 2016-09-13T21:26:52+08:00 ]EXCEPTION: SELECT * FROM tag     ORDER BY tid  rand() LIMIT 3  ;BindParams:array (
)42000;1064;You have an error in your SQL syntax; check the manual that corresponds to your MySQL server version for the right syntax to use near 'rand() LIMIT 3' at line 1
[ 2016-09-13T21:26:52+08:00 ]EXCEPTION: SELECT * FROM tag     ORDER BY tid  rand() LIMIT 3  ;BindParams:array (
)42000;1064;You have an error in your SQL syntax; check the manual that corresponds to your MySQL server version for the right syntax to use near 'rand() LIMIT 3' at line 1
[ 2016-09-13T21:26:52+08:00 ]EXCEPTION: SELECT * FROM tag     ORDER BY tid  rand() LIMIT 3  ;BindParams:array (
)42000;1064;You have an error in your SQL syntax; check the manual that corresponds to your MySQL server version for the right syntax to use near 'rand() LIMIT 3' at line 1
[ 2016-09-13T21:26:53+08:00 ]EXCEPTION: SELECT * FROM tag     ORDER BY tid  rand() LIMIT 3  ;BindParams:array (
)42000;1064;You have an error in your SQL syntax; check the manual that corresponds to your MySQL server version for the right syntax to use near 'rand() LIMIT 3' at line 1
[ 2016-09-13T21:26:53+08:00 ]EXCEPTION: SELECT * FROM tag     ORDER BY tid  rand() LIMIT 3  ;BindParams:array (
)42000;1064;You have an error in your SQL syntax; check the manual that corresponds to your MySQL server version for the right syntax to use near 'rand() LIMIT 3' at line 1
[ 2016-09-13T21:26:53+08:00 ]EXCEPTION: SELECT * FROM tag     ORDER BY tid  rand() LIMIT 3  ;BindParams:array (
)42000;1064;You have an error in your SQL syntax; check the manual that corresponds to your MySQL server version for the right syntax to use near 'rand() LIMIT 3' at line 1
[ 2016-09-13T21:28:26+08:00 ]EXCEPTION: SELECT * FROM tag     ORDER BY tid  RAND LIMIT 3  ;BindParams:array (
)42000;1064;You have an error in your SQL syntax; check the manual that corresponds to your MySQL server version for the right syntax to use near 'RAND LIMIT 3' at line 1
[ 2016-09-13T21:28:26+08:00 ]EXCEPTION: SELECT * FROM tag     ORDER BY tid  RAND LIMIT 3  ;BindParams:array (
)42000;1064;You have an error in your SQL syntax; check the manual that corresponds to your MySQL server version for the right syntax to use near 'RAND LIMIT 3' at line 1
[ 2016-09-13T21:30:19+08:00 ]EXCEPTION: SELECT * FROM tag     ORDER BY tid  RAND() LIMIT 3  ;BindParams:array (
)42000;1064;You have an error in your SQL syntax; check the manual that corresponds to your MySQL server version for the right syntax to use near 'RAND() LIMIT 3' at line 1
[ 2016-09-13T21:35:40+08:00 ]EXCEPTION: web\home\controller\Listpage 不存在
[ 2016-09-13T21:35:43+08:00 ]EXCEPTION: web\home\controller\Content 不存在
[ 2016-09-13T21:36:19+08:00 ]EXCEPTION: web\home\controller\Content 不存在
[ 2016-09-13T21:37:11+08:00 ]EXCEPTION: web\home\controller\Listpage 不存在
[ 2016-09-13T21:37:53+08:00 ]EXCEPTION: web\home\controller\Listpage 不存在
[ 2016-09-13T21:37:56+08:00 ]EXCEPTION: web\home\controller\Listpage 不存在
