[ 2016-09-12T16:28:13+08:00 ]Error: Missing argument 1 for system\model\Article::getAll(), called in D:\software\wamp\www\hdphp\web\admin\controller\Article.php on line 21 and definedD:\software\wamp\www\hdphp\system\model\Article.php (92).
[ 2016-09-12T16:28:13+08:00 ]Error: Non-static method hdphp\page\Page::row() should not be called statically, assuming $this from incompatible contextD:\software\wamp\www\hdphp\system\model\Article.php (94).
[ 2016-09-12T16:28:13+08:00 ]Error: Non-static method hdphp\page\Page::limit() should not be called statically, assuming $this from incompatible contextD:\software\wamp\www\hdphp\system\model\Article.php (95).
[ 2016-09-12T16:28:14+08:00 ]Error: Missing argument 1 for system\model\Article::getAll(), called in D:\software\wamp\www\hdphp\web\admin\controller\Article.php on line 21 and definedD:\software\wamp\www\hdphp\system\model\Article.php (92).
[ 2016-09-12T16:28:14+08:00 ]Error: Non-static method hdphp\page\Page::row() should not be called statically, assuming $this from incompatible contextD:\software\wamp\www\hdphp\system\model\Article.php (94).
[ 2016-09-12T16:28:14+08:00 ]Error: Non-static method hdphp\page\Page::limit() should not be called statically, assuming $this from incompatible contextD:\software\wamp\www\hdphp\system\model\Article.php (95).
[ 2016-09-12T16:28:23+08:00 ]Error: Missing argument 1 for system\model\Article::getAll(), called in D:\software\wamp\www\hdphp\web\admin\controller\Article.php on line 21 and definedD:\software\wamp\www\hdphp\system\model\Article.php (91).
[ 2016-09-12T18:54:35+08:00 ]Error: file_get_contents(config.json): failed to open stream: No such file or directoryD:\software\wamp\www\hdphp\web\system\controller\Component.php (72).
[ 2016-09-12T19:03:33+08:00 ]Error: file_get_contents(config.json): failed to open stream: No such file or directoryD:\software\wamp\www\hdphp\web\system\controller\Component.php (72).
[ 2016-09-12T19:05:16+08:00 ]Error: file_get_contents(config.json): failed to open stream: No such file or directoryD:\software\wamp\www\hdphp\web\system\controller\Component.php (72).
[ 2016-09-12T19:05:17+08:00 ]Error: file_get_contents(config.json): failed to open stream: No such file or directoryD:\software\wamp\www\hdphp\web\system\controller\Component.php (72).
[ 2016-09-12T19:05:28+08:00 ]Error: file_get_contents(config.json): failed to open stream: No such file or directoryD:\software\wamp\www\hdphp\web\system\controller\Component.php (72).
[ 2016-09-12T19:05:31+08:00 ]Error: file_get_contents(config.json): failed to open stream: No such file or directoryD:\software\wamp\www\hdphp\web\system\controller\Component.php (72).
[ 2016-09-12T19:05:32+08:00 ]Error: file_get_contents(config.json): failed to open stream: No such file or directoryD:\software\wamp\www\hdphp\web\system\controller\Component.php (72).
[ 2016-09-12T19:05:37+08:00 ]Error: file_get_contents(config.json): failed to open stream: No such file or directoryD:\software\wamp\www\hdphp\web\system\controller\Component.php (72).
[ 2016-09-12T19:05:49+08:00 ]Error: file_get_contents(config.json): failed to open stream: No such file or directoryD:\software\wamp\www\hdphp\web\system\controller\Component.php (72).
[ 2016-09-12T19:05:52+08:00 ]Error: file_get_contents(config.json): failed to open stream: No such file or directoryD:\software\wamp\www\hdphp\web\system\controller\Component.php (72).
[ 2016-09-12T19:05:56+08:00 ]Error: file_get_contents(config.json): failed to open stream: No such file or directoryD:\software\wamp\www\hdphp\web\system\controller\Component.php (72).
[ 2016-09-12T19:06:25+08:00 ]Error: file_get_contents(config.json): failed to open stream: No such file or directoryD:\software\wamp\www\hdphp\web\system\controller\Component.php (72).
[ 2016-09-12T19:06:33+08:00 ]Error: file_get_contents(config.json): failed to open stream: No such file or directoryD:\software\wamp\www\hdphp\web\system\controller\Component.php (72).
[ 2016-09-12T19:06:35+08:00 ]Error: file_get_contents(config.json): failed to open stream: No such file or directoryD:\software\wamp\www\hdphp\web\system\controller\Component.php (72).
[ 2016-09-12T19:06:36+08:00 ]Error: file_get_contents(config.json): failed to open stream: No such file or directoryD:\software\wamp\www\hdphp\web\system\controller\Component.php (72).
[ 2016-09-12T19:06:36+08:00 ]Error: file_get_contents(config.json): failed to open stream: No such file or directoryD:\software\wamp\www\hdphp\web\system\controller\Component.php (72).
[ 2016-09-12T19:06:45+08:00 ]Error: file_get_contents(config.json): failed to open stream: No such file or directoryD:\software\wamp\www\hdphp\web\system\controller\Component.php (72).
[ 2016-09-12T19:07:19+08:00 ]Error: file_get_contents(config.json): failed to open stream: No such file or directoryD:\software\wamp\www\hdphp\web\system\controller\Component.php (72).
[ 2016-09-12T19:07:25+08:00 ]Error: file_get_contents(config.json): failed to open stream: No such file or directoryD:\software\wamp\www\hdphp\web\system\controller\Component.php (72).
[ 2016-09-12T19:07:30+08:00 ]Error: file_get_contents(config.json): failed to open stream: No such file or directoryD:\software\wamp\www\hdphp\web\system\controller\Component.php (72).
[ 2016-09-12T19:12:52+08:00 ]Error: file_get_contents(config.json): failed to open stream: No such file or directoryD:\software\wamp\www\hdphp\web\system\controller\Component.php (72).
[ 2016-09-12T19:14:03+08:00 ]Error: file_get_contents(config.json): failed to open stream: No such file or directoryD:\software\wamp\www\hdphp\web\system\controller\Component.php (72).
[ 2016-09-12T19:17:20+08:00 ]Error: in_array() expects parameter 2 to be array, null givenD:\software\wamp\www\hdphp\storage\view\__web_admin_view_article_edit_php_b0b66.php (226).
[ 2016-09-12T19:17:20+08:00 ]Error: in_array() expects parameter 2 to be array, null givenD:\software\wamp\www\hdphp\storage\view\__web_admin_view_article_edit_php_b0b66.php (226).
[ 2016-09-12T19:17:20+08:00 ]Error: in_array() expects parameter 2 to be array, null givenD:\software\wamp\www\hdphp\storage\view\__web_admin_view_article_edit_php_b0b66.php (226).
[ 2016-09-12T19:17:20+08:00 ]Error: in_array() expects parameter 2 to be array, null givenD:\software\wamp\www\hdphp\storage\view\__web_admin_view_article_edit_php_b0b66.php (226).
[ 2016-09-12T19:17:20+08:00 ]Error: in_array() expects parameter 2 to be array, null givenD:\software\wamp\www\hdphp\storage\view\__web_admin_view_article_edit_php_b0b66.php (226).
[ 2016-09-12T19:17:20+08:00 ]Error: in_array() expects parameter 2 to be array, null givenD:\software\wamp\www\hdphp\storage\view\__web_admin_view_article_edit_php_b0b66.php (226).
[ 2016-09-12T19:17:20+08:00 ]Error: in_array() expects parameter 2 to be array, null givenD:\software\wamp\www\hdphp\storage\view\__web_admin_view_article_edit_php_b0b66.php (226).
[ 2016-09-12T19:17:20+08:00 ]Error: in_array() expects parameter 2 to be array, null givenD:\software\wamp\www\hdphp\storage\view\__web_admin_view_article_edit_php_b0b66.php (226).
[ 2016-09-12T19:17:20+08:00 ]Error: in_array() expects parameter 2 to be array, null givenD:\software\wamp\www\hdphp\storage\view\__web_admin_view_article_edit_php_b0b66.php (226).
[ 2016-09-12T19:17:20+08:00 ]Error: in_array() expects parameter 2 to be array, null givenD:\software\wamp\www\hdphp\storage\view\__web_admin_view_article_edit_php_b0b66.php (226).
[ 2016-09-12T19:17:20+08:00 ]Error: in_array() expects parameter 2 to be array, null givenD:\software\wamp\www\hdphp\storage\view\__web_admin_view_article_edit_php_b0b66.php (226).
[ 2016-09-12T19:17:20+08:00 ]Error: in_array() expects parameter 2 to be array, null givenD:\software\wamp\www\hdphp\storage\view\__web_admin_view_article_edit_php_b0b66.php (226).
[ 2016-09-12T19:17:20+08:00 ]Error: file_get_contents(config.json): failed to open stream: No such file or directoryD:\software\wamp\www\hdphp\web\system\controller\Component.php (72).
[ 2016-09-12T19:17:21+08:00 ]Error: in_array() expects parameter 2 to be array, null givenD:\software\wamp\www\hdphp\storage\view\__web_admin_view_article_edit_php_b0b66.php (226).
[ 2016-09-12T19:17:21+08:00 ]Error: in_array() expects parameter 2 to be array, null givenD:\software\wamp\www\hdphp\storage\view\__web_admin_view_article_edit_php_b0b66.php (226).
[ 2016-09-12T19:17:21+08:00 ]Error: in_array() expects parameter 2 to be array, null givenD:\software\wamp\www\hdphp\storage\view\__web_admin_view_article_edit_php_b0b66.php (226).
[ 2016-09-12T19:17:21+08:00 ]Error: in_array() expects parameter 2 to be array, null givenD:\software\wamp\www\hdphp\storage\view\__web_admin_view_article_edit_php_b0b66.php (226).
[ 2016-09-12T19:17:21+08:00 ]Error: in_array() expects parameter 2 to be array, null givenD:\software\wamp\www\hdphp\storage\view\__web_admin_view_article_edit_php_b0b66.php (226).
[ 2016-09-12T19:17:21+08:00 ]Error: in_array() expects parameter 2 to be array, null givenD:\software\wamp\www\hdphp\storage\view\__web_admin_view_article_edit_php_b0b66.php (226).
[ 2016-09-12T19:17:21+08:00 ]Error: in_array() expects parameter 2 to be array, null givenD:\software\wamp\www\hdphp\storage\view\__web_admin_view_article_edit_php_b0b66.php (226).
[ 2016-09-12T19:17:21+08:00 ]Error: in_array() expects parameter 2 to be array, null givenD:\software\wamp\www\hdphp\storage\view\__web_admin_view_article_edit_php_b0b66.php (226).
[ 2016-09-12T19:17:21+08:00 ]Error: in_array() expects parameter 2 to be array, null givenD:\software\wamp\www\hdphp\storage\view\__web_admin_view_article_edit_php_b0b66.php (226).
[ 2016-09-12T19:17:21+08:00 ]Error: in_array() expects parameter 2 to be array, null givenD:\software\wamp\www\hdphp\storage\view\__web_admin_view_article_edit_php_b0b66.php (226).
[ 2016-09-12T19:17:21+08:00 ]Error: in_array() expects parameter 2 to be array, null givenD:\software\wamp\www\hdphp\storage\view\__web_admin_view_article_edit_php_b0b66.php (226).
[ 2016-09-12T19:17:21+08:00 ]Error: in_array() expects parameter 2 to be array, null givenD:\software\wamp\www\hdphp\storage\view\__web_admin_view_article_edit_php_b0b66.php (226).
[ 2016-09-12T19:17:21+08:00 ]Error: file_get_contents(config.json): failed to open stream: No such file or directoryD:\software\wamp\www\hdphp\web\system\controller\Component.php (72).
[ 2016-09-12T19:17:22+08:00 ]Error: in_array() expects parameter 2 to be array, null givenD:\software\wamp\www\hdphp\storage\view\__web_admin_view_article_edit_php_b0b66.php (226).
[ 2016-09-12T19:17:22+08:00 ]Error: in_array() expects parameter 2 to be array, null givenD:\software\wamp\www\hdphp\storage\view\__web_admin_view_article_edit_php_b0b66.php (226).
[ 2016-09-12T19:17:22+08:00 ]Error: in_array() expects parameter 2 to be array, null givenD:\software\wamp\www\hdphp\storage\view\__web_admin_view_article_edit_php_b0b66.php (226).
[ 2016-09-12T19:17:22+08:00 ]Error: in_array() expects parameter 2 to be array, null givenD:\software\wamp\www\hdphp\storage\view\__web_admin_view_article_edit_php_b0b66.php (226).
[ 2016-09-12T19:17:22+08:00 ]Error: in_array() expects parameter 2 to be array, null givenD:\software\wamp\www\hdphp\storage\view\__web_admin_view_article_edit_php_b0b66.php (226).
[ 2016-09-12T19:17:22+08:00 ]Error: in_array() expects parameter 2 to be array, null givenD:\software\wamp\www\hdphp\storage\view\__web_admin_view_article_edit_php_b0b66.php (226).
[ 2016-09-12T19:17:22+08:00 ]Error: in_array() expects parameter 2 to be array, null givenD:\software\wamp\www\hdphp\storage\view\__web_admin_view_article_edit_php_b0b66.php (226).
[ 2016-09-12T19:17:22+08:00 ]Error: in_array() expects parameter 2 to be array, null givenD:\software\wamp\www\hdphp\storage\view\__web_admin_view_article_edit_php_b0b66.php (226).
[ 2016-09-12T19:17:22+08:00 ]Error: in_array() expects parameter 2 to be array, null givenD:\software\wamp\www\hdphp\storage\view\__web_admin_view_article_edit_php_b0b66.php (226).
[ 2016-09-12T19:17:22+08:00 ]Error: in_array() expects parameter 2 to be array, null givenD:\software\wamp\www\hdphp\storage\view\__web_admin_view_article_edit_php_b0b66.php (226).
[ 2016-09-12T19:17:22+08:00 ]Error: in_array() expects parameter 2 to be array, null givenD:\software\wamp\www\hdphp\storage\view\__web_admin_view_article_edit_php_b0b66.php (226).
[ 2016-09-12T19:17:22+08:00 ]Error: in_array() expects parameter 2 to be array, null givenD:\software\wamp\www\hdphp\storage\view\__web_admin_view_article_edit_php_b0b66.php (226).
[ 2016-09-12T19:17:22+08:00 ]Error: file_get_contents(config.json): failed to open stream: No such file or directoryD:\software\wamp\www\hdphp\web\system\controller\Component.php (72).
[ 2016-09-12T19:17:22+08:00 ]Error: in_array() expects parameter 2 to be array, null givenD:\software\wamp\www\hdphp\storage\view\__web_admin_view_article_edit_php_b0b66.php (226).
[ 2016-09-12T19:17:22+08:00 ]Error: in_array() expects parameter 2 to be array, null givenD:\software\wamp\www\hdphp\storage\view\__web_admin_view_article_edit_php_b0b66.php (226).
[ 2016-09-12T19:17:22+08:00 ]Error: in_array() expects parameter 2 to be array, null givenD:\software\wamp\www\hdphp\storage\view\__web_admin_view_article_edit_php_b0b66.php (226).
[ 2016-09-12T19:17:22+08:00 ]Error: in_array() expects parameter 2 to be array, null givenD:\software\wamp\www\hdphp\storage\view\__web_admin_view_article_edit_php_b0b66.php (226).
[ 2016-09-12T19:17:22+08:00 ]Error: in_array() expects parameter 2 to be array, null givenD:\software\wamp\www\hdphp\storage\view\__web_admin_view_article_edit_php_b0b66.php (226).
[ 2016-09-12T19:17:22+08:00 ]Error: in_array() expects parameter 2 to be array, null givenD:\software\wamp\www\hdphp\storage\view\__web_admin_view_article_edit_php_b0b66.php (226).
[ 2016-09-12T19:17:22+08:00 ]Error: in_array() expects parameter 2 to be array, null givenD:\software\wamp\www\hdphp\storage\view\__web_admin_view_article_edit_php_b0b66.php (226).
[ 2016-09-12T19:17:22+08:00 ]Error: in_array() expects parameter 2 to be array, null givenD:\software\wamp\www\hdphp\storage\view\__web_admin_view_article_edit_php_b0b66.php (226).
[ 2016-09-12T19:17:22+08:00 ]Error: in_array() expects parameter 2 to be array, null givenD:\software\wamp\www\hdphp\storage\view\__web_admin_view_article_edit_php_b0b66.php (226).
[ 2016-09-12T19:17:22+08:00 ]Error: in_array() expects parameter 2 to be array, null givenD:\software\wamp\www\hdphp\storage\view\__web_admin_view_article_edit_php_b0b66.php (226).
[ 2016-09-12T19:17:22+08:00 ]Error: in_array() expects parameter 2 to be array, null givenD:\software\wamp\www\hdphp\storage\view\__web_admin_view_article_edit_php_b0b66.php (226).
[ 2016-09-12T19:17:22+08:00 ]Error: in_array() expects parameter 2 to be array, null givenD:\software\wamp\www\hdphp\storage\view\__web_admin_view_article_edit_php_b0b66.php (226).
[ 2016-09-12T19:17:23+08:00 ]Error: file_get_contents(config.json): failed to open stream: No such file or directoryD:\software\wamp\www\hdphp\web\system\controller\Component.php (72).
[ 2016-09-12T19:20:29+08:00 ]Error: in_array() expects parameter 2 to be array, null givenD:\software\wamp\www\hdphp\storage\view\__web_admin_view_article_edit_php_b0b66.php (226).
[ 2016-09-12T19:20:29+08:00 ]Error: in_array() expects parameter 2 to be array, null givenD:\software\wamp\www\hdphp\storage\view\__web_admin_view_article_edit_php_b0b66.php (226).
[ 2016-09-12T19:20:29+08:00 ]Error: in_array() expects parameter 2 to be array, null givenD:\software\wamp\www\hdphp\storage\view\__web_admin_view_article_edit_php_b0b66.php (226).
[ 2016-09-12T19:20:29+08:00 ]Error: in_array() expects parameter 2 to be array, null givenD:\software\wamp\www\hdphp\storage\view\__web_admin_view_article_edit_php_b0b66.php (226).
[ 2016-09-12T19:20:29+08:00 ]Error: in_array() expects parameter 2 to be array, null givenD:\software\wamp\www\hdphp\storage\view\__web_admin_view_article_edit_php_b0b66.php (226).
[ 2016-09-12T19:20:29+08:00 ]Error: in_array() expects parameter 2 to be array, null givenD:\software\wamp\www\hdphp\storage\view\__web_admin_view_article_edit_php_b0b66.php (226).
[ 2016-09-12T19:20:29+08:00 ]Error: in_array() expects parameter 2 to be array, null givenD:\software\wamp\www\hdphp\storage\view\__web_admin_view_article_edit_php_b0b66.php (226).
[ 2016-09-12T19:20:29+08:00 ]Error: in_array() expects parameter 2 to be array, null givenD:\software\wamp\www\hdphp\storage\view\__web_admin_view_article_edit_php_b0b66.php (226).
[ 2016-09-12T19:20:29+08:00 ]Error: in_array() expects parameter 2 to be array, null givenD:\software\wamp\www\hdphp\storage\view\__web_admin_view_article_edit_php_b0b66.php (226).
[ 2016-09-12T19:20:29+08:00 ]Error: in_array() expects parameter 2 to be array, null givenD:\software\wamp\www\hdphp\storage\view\__web_admin_view_article_edit_php_b0b66.php (226).
[ 2016-09-12T19:20:29+08:00 ]Error: in_array() expects parameter 2 to be array, null givenD:\software\wamp\www\hdphp\storage\view\__web_admin_view_article_edit_php_b0b66.php (226).
[ 2016-09-12T19:20:29+08:00 ]Error: in_array() expects parameter 2 to be array, null givenD:\software\wamp\www\hdphp\storage\view\__web_admin_view_article_edit_php_b0b66.php (226).
[ 2016-09-12T19:20:30+08:00 ]Error: file_get_contents(config.json): failed to open stream: No such file or directoryD:\software\wamp\www\hdphp\web\system\controller\Component.php (72).
[ 2016-09-12T19:21:42+08:00 ]Error: in_array() expects parameter 2 to be array, null givenD:\software\wamp\www\hdphp\storage\view\__web_admin_view_article_edit_php_b0b66.php (226).
[ 2016-09-12T19:21:42+08:00 ]Error: in_array() expects parameter 2 to be array, null givenD:\software\wamp\www\hdphp\storage\view\__web_admin_view_article_edit_php_b0b66.php (226).
[ 2016-09-12T19:21:42+08:00 ]Error: in_array() expects parameter 2 to be array, null givenD:\software\wamp\www\hdphp\storage\view\__web_admin_view_article_edit_php_b0b66.php (226).
[ 2016-09-12T19:21:42+08:00 ]Error: in_array() expects parameter 2 to be array, null givenD:\software\wamp\www\hdphp\storage\view\__web_admin_view_article_edit_php_b0b66.php (226).
[ 2016-09-12T19:21:42+08:00 ]Error: in_array() expects parameter 2 to be array, null givenD:\software\wamp\www\hdphp\storage\view\__web_admin_view_article_edit_php_b0b66.php (226).
[ 2016-09-12T19:21:42+08:00 ]Error: in_array() expects parameter 2 to be array, null givenD:\software\wamp\www\hdphp\storage\view\__web_admin_view_article_edit_php_b0b66.php (226).
[ 2016-09-12T19:21:42+08:00 ]Error: in_array() expects parameter 2 to be array, null givenD:\software\wamp\www\hdphp\storage\view\__web_admin_view_article_edit_php_b0b66.php (226).
[ 2016-09-12T19:21:42+08:00 ]Error: in_array() expects parameter 2 to be array, null givenD:\software\wamp\www\hdphp\storage\view\__web_admin_view_article_edit_php_b0b66.php (226).
[ 2016-09-12T19:21:42+08:00 ]Error: in_array() expects parameter 2 to be array, null givenD:\software\wamp\www\hdphp\storage\view\__web_admin_view_article_edit_php_b0b66.php (226).
[ 2016-09-12T19:21:42+08:00 ]Error: in_array() expects parameter 2 to be array, null givenD:\software\wamp\www\hdphp\storage\view\__web_admin_view_article_edit_php_b0b66.php (226).
[ 2016-09-12T19:21:42+08:00 ]Error: in_array() expects parameter 2 to be array, null givenD:\software\wamp\www\hdphp\storage\view\__web_admin_view_article_edit_php_b0b66.php (226).
[ 2016-09-12T19:21:42+08:00 ]Error: in_array() expects parameter 2 to be array, null givenD:\software\wamp\www\hdphp\storage\view\__web_admin_view_article_edit_php_b0b66.php (226).
[ 2016-09-12T19:21:43+08:00 ]Error: file_get_contents(config.json): failed to open stream: No such file or directoryD:\software\wamp\www\hdphp\web\system\controller\Component.php (72).
[ 2016-09-12T19:22:38+08:00 ]Error: file_get_contents(config.json): failed to open stream: No such file or directoryD:\software\wamp\www\hdphp\web\system\controller\Component.php (72).
[ 2016-09-12T19:41:04+08:00 ]Error: file_get_contents(config.json): failed to open stream: No such file or directoryD:\software\wamp\www\hdphp\web\system\controller\Component.php (72).
[ 2016-09-12T19:41:05+08:00 ]Error: file_get_contents(config.json): failed to open stream: No such file or directoryD:\software\wamp\www\hdphp\web\system\controller\Component.php (72).
[ 2016-09-12T19:41:10+08:00 ]Error: file_get_contents(config.json): failed to open stream: No such file or directoryD:\software\wamp\www\hdphp\web\system\controller\Component.php (72).
[ 2016-09-12T19:41:18+08:00 ]Error: file_get_contents(config.json): failed to open stream: No such file or directoryD:\software\wamp\www\hdphp\web\system\controller\Component.php (72).
[ 2016-09-12T20:05:15+08:00 ]Error: file_get_contents(config.json): failed to open stream: No such file or directoryD:\software\wamp\www\hdphp\web\system\controller\Component.php (72).
[ 2016-09-12T20:05:16+08:00 ]Error: file_get_contents(config.json): failed to open stream: No such file or directoryD:\software\wamp\www\hdphp\web\system\controller\Component.php (72).
[ 2016-09-12T20:05:58+08:00 ]Error: file_get_contents(config.json): failed to open stream: No such file or directoryD:\software\wamp\www\hdphp\web\system\controller\Component.php (72).
[ 2016-09-12T20:17:09+08:00 ]Error: file_get_contents(config.json): failed to open stream: No such file or directoryD:\software\wamp\www\hdphp\web\system\controller\Component.php (72).
[ 2016-09-12T20:17:11+08:00 ]Error: file_get_contents(config.json): failed to open stream: No such file or directoryD:\software\wamp\www\hdphp\web\system\controller\Component.php (72).
[ 2016-09-12T20:30:32+08:00 ]Error: file_get_contents(config.json): failed to open stream: No such file or directoryD:\software\wamp\www\hdphp\web\system\controller\Component.php (72).
[ 2016-09-12T20:30:33+08:00 ]Error: file_get_contents(config.json): failed to open stream: No such file or directoryD:\software\wamp\www\hdphp\web\system\controller\Component.php (72).
[ 2016-09-12T20:30:34+08:00 ]Error: file_get_contents(config.json): failed to open stream: No such file or directoryD:\software\wamp\www\hdphp\web\system\controller\Component.php (72).
[ 2016-09-12T20:31:56+08:00 ]Error: file_get_contents(config.json): failed to open stream: No such file or directoryD:\software\wamp\www\hdphp\web\system\controller\Component.php (72).
[ 2016-09-12T20:32:04+08:00 ]Error: file_get_contents(config.json): failed to open stream: No such file or directoryD:\software\wamp\www\hdphp\web\system\controller\Component.php (72).
[ 2016-09-12T20:32:16+08:00 ]Error: file_get_contents(config.json): failed to open stream: No such file or directoryD:\software\wamp\www\hdphp\web\system\controller\Component.php (72).
[ 2016-09-12T20:37:10+08:00 ]Error: file_get_contents(config.json): failed to open stream: No such file or directoryD:\software\wamp\www\hdphp\web\system\controller\Component.php (72).
[ 2016-09-12T20:37:14+08:00 ]EXCEPTION: UPDATE article_data SET `keywords`=?,`des`=?,`content`=? WHERE article_id = ? ;BindParams:array (
  1 => '123',
  2 => '123',
  3 => '<p>123 &nbsp; &nbsp;111</p>',
  4 => '10',
)42S22;1054;Unknown column 'article_id' in 'where clause'
[ 2016-09-12T20:41:50+08:00 ]Error: file_get_contents(config.json): failed to open stream: No such file or directoryD:\software\wamp\www\hdphp\web\system\controller\Component.php (72).
[ 2016-09-12T20:41:51+08:00 ]Error: file_get_contents(config.json): failed to open stream: No such file or directoryD:\software\wamp\www\hdphp\web\system\controller\Component.php (72).
[ 2016-09-12T20:41:54+08:00 ]EXCEPTION: UPDATE article_data SET `keywords`=?,`des`=?,`content`=? WHERE article_id = ? ;BindParams:array (
  1 => '123',
  2 => '123',
  3 => '<p>123 &nbsp; &nbsp;4</p>',
  4 => '10',
)42S22;1054;Unknown column 'article_id' in 'where clause'
[ 2016-09-12T20:43:16+08:00 ]Error: file_get_contents(config.json): failed to open stream: No such file or directoryD:\software\wamp\www\hdphp\web\system\controller\Component.php (72).
[ 2016-09-12T20:43:16+08:00 ]Error: file_get_contents(config.json): failed to open stream: No such file or directoryD:\software\wamp\www\hdphp\web\system\controller\Component.php (72).
[ 2016-09-12T20:43:17+08:00 ]Error: file_get_contents(config.json): failed to open stream: No such file or directoryD:\software\wamp\www\hdphp\web\system\controller\Component.php (72).
[ 2016-09-12T20:43:19+08:00 ]EXCEPTION: UPDATE article_data SET `keywords`=?,`des`=?,`content`=? WHERE article_id = ? ;BindParams:array (
  1 => '123',
  2 => '123',
  3 => '<p>123 &nbsp; &nbsp;4</p>',
  4 => '10',
)42S22;1054;Unknown column 'article_id' in 'where clause'
[ 2016-09-12T20:43:53+08:00 ]Error: file_get_contents(config.json): failed to open stream: No such file or directoryD:\software\wamp\www\hdphp\web\system\controller\Component.php (72).
[ 2016-09-12T20:44:01+08:00 ]EXCEPTION: UPDATE article_data SET `keywords`=?,`des`=?,`content`=? WHERE article_id = ? ;BindParams:array (
  1 => '123',
  2 => '123',
  3 => '<p>123&nbsp;&nbsp;&nbsp;&nbsp;</p>',
  4 => '10',
)42S22;1054;Unknown column 'article_id' in 'where clause'
[ 2016-09-12T20:45:50+08:00 ]Error: file_get_contents(config.json): failed to open stream: No such file or directoryD:\software\wamp\www\hdphp\web\system\controller\Component.php (72).
[ 2016-09-12T20:45:53+08:00 ]EXCEPTION: UPDATE article_data SET `keywords`=?,`des`=?,`content`=? WHERE article_id = ? ;BindParams:array (
  1 => '123',
  2 => '123',
  3 => '<p>123&nbsp;&nbsp;&nbsp;&nbsp;</p>',
  4 => '10',
)42S22;1054;Unknown column 'article_id' in 'where clause'
[ 2016-09-12T20:47:03+08:00 ]EXCEPTION: UPDATE article_data SET `keywords`=?,`des`=?,`content`=? WHERE article_id = ? ;BindParams:array (
  1 => '123',
  2 => '123',
  3 => '<p>123</p>',
  4 => '10',
)42S22;1054;Unknown column 'article_id' in 'where clause'
[ 2016-09-12T20:47:18+08:00 ]Error: file_get_contents(config.json): failed to open stream: No such file or directoryD:\software\wamp\www\hdphp\web\system\controller\Component.php (72).
[ 2016-09-12T20:47:24+08:00 ]EXCEPTION: UPDATE article_data SET `keywords`=?,`des`=?,`content`=? WHERE article_id = ? ;BindParams:array (
  1 => '123',
  2 => '123',
  3 => '<p>47</p>',
  4 => '10',
)42S22;1054;Unknown column 'article_id' in 'where clause'
[ 2016-09-12T20:49:02+08:00 ]Error: file_get_contents(config.json): failed to open stream: No such file or directoryD:\software\wamp\www\hdphp\web\system\controller\Component.php (72).
[ 2016-09-12T20:49:06+08:00 ]Error: file_get_contents(config.json): failed to open stream: No such file or directoryD:\software\wamp\www\hdphp\web\system\controller\Component.php (72).
[ 2016-09-12T20:49:30+08:00 ]Error: file_get_contents(config.json): failed to open stream: No such file or directoryD:\software\wamp\www\hdphp\web\system\controller\Component.php (72).
[ 2016-09-12T20:50:30+08:00 ]Error: file_get_contents(config.json): failed to open stream: No such file or directoryD:\software\wamp\www\hdphp\web\system\controller\Component.php (72).
[ 2016-09-12T20:51:15+08:00 ]EXCEPTION: UPDATE article_data SET `keywords`=?,`des`=?,`content`=? WHERE article_id = ? ;BindParams:array (
  1 => '1231321321',
  2 => '1231321321',
  3 => '<p>123 &nbsp; &nbsp;321321</p>',
  4 => '10',
)42S22;1054;Unknown column 'article_id' in 'where clause'
[ 2016-09-12T20:51:59+08:00 ]EXCEPTION: UPDATE article_data SET `keywords`=?,`des`=?,`content`=? WHERE article_id = ? ;BindParams:array (
  1 => '1231321321',
  2 => '1231321321',
  3 => '<p>123 &nbsp; &nbsp;321321</p>',
  4 => '10',
)42S22;1054;Unknown column 'article_id' in 'where clause'
[ 2016-09-12T20:52:33+08:00 ]Error: file_get_contents(config.json): failed to open stream: No such file or directoryD:\software\wamp\www\hdphp\web\system\controller\Component.php (72).
[ 2016-09-12T20:52:57+08:00 ]Error: file_get_contents(config.json): failed to open stream: No such file or directoryD:\software\wamp\www\hdphp\web\system\controller\Component.php (72).
[ 2016-09-12T21:03:40+08:00 ]Error: file_get_contents(config.json): failed to open stream: No such file or directoryD:\software\wamp\www\hdphp\web\system\controller\Component.php (72).
[ 2016-09-12T21:03:41+08:00 ]Error: file_get_contents(config.json): failed to open stream: No such file or directoryD:\software\wamp\www\hdphp\web\system\controller\Component.php (72).
[ 2016-09-12T21:03:47+08:00 ]EXCEPTION: Method web\admin\controller\Article::__empty() does not exist
[ 2016-09-12T21:05:04+08:00 ]EXCEPTION: Method web\admin\controller\Article::__empty() does not exist
[ 2016-09-12T21:12:09+08:00 ]Error: Non-static method hdphp\view\View::with() should not be called statically, assuming $this from incompatible contextD:\software\wamp\www\hdphp\web\admin\controller\Article.php (78).
[ 2016-09-12T21:12:09+08:00 ]Error: Non-static method hdphp\view\View::make() should not be called statically, assuming $this from incompatible contextD:\software\wamp\www\hdphp\web\admin\controller\Article.php (79).
[ 2016-09-12T22:10:18+08:00 ]EXCEPTION: web\s=admin\controller\Index 不存在
[ 2016-09-12T22:10:35+08:00 ]EXCEPTION: web\s=admin\controller\Index 不存在
[ 2016-09-12T22:10:44+08:00 ]EXCEPTION: web\s=admin\controller\Index 不存在
[ 2016-09-12T22:11:37+08:00 ]Error: file_get_contents(config.json): failed to open stream: No such file or directoryD:\software\wamp\www\hdphp\web\system\controller\Component.php (72).
